
START - automation started - Mon Aug 17 2020 15:32:27 GMT+0800 (中国标准时间)

py import confige
print(confige.model)
py_result
2
https://www.instagram.com/ - Instagram
py import tagCsv
import confige
print(confige.username)
py_result
1696791726@qq.com
py print(confige.password)
py_result
zxy991030
wait 3
click //*[@id="react-root"]/section/nav/div[2]/div/div/div[3]/div/div[5]/span/img
click //*[@id="react-root"]/section/nav/div[2]/div/div/div[3]/div/div[5]/div[2]/div/div[2]/div[2]/div/div
type //*[@id="loginForm"]/div/div[1]/div/label/input as 1696791726@qq.com
type //*[@id="loginForm"]/div/div[2]/div/label/input as zxy991030
click //*[@id="loginForm"]/div/div[3]
wait 3
wait 2
click //*[@id="react-root"]/section/nav/div[2]/div/div/div[2]/div/div
py print(len(confige.key_word))
py_result
4
py order = int(confige.key_order)
py_result

py if order>=len(confige.key_word):
    order=0
print(confige.key_word[order])
py_result
#visvim
type //*[@id="react-root"]/section/nav/div[2]/div/div/div[2]/input as [clear]#visvim[enter]
wait 3
click //*[@id="react-root"]/section/nav/div[2]/div/div/div[2]/div[3]/div[2]/div/a[1]
wait 5
click  //*[@id="react-root"]/section/main/article/div[2]/div/div[1]/div[1]/a/div
wait 3
Like
wait 3
click /html/body/div[4]/div[2]/div/article/div[3]/section[1]/span[1]/button
wait 3
read /html/body/div[4]/div[2]/div/article/header/div[2]/div[1]/div[1]/span/a to id
2020-08-17_15:32
#visvim
py import tagCsv
import confige
headers = ['keyword','id','now']
row = {
       'keyword':keyword,
       'id':id,
       'now':now
       }
tagCsv.entered_keyword_writeCsv(headers,row)
click /html/body/div[4]/div[2]/div/article/header/div[2]/div[1]/div[2]/button
wait 2
click /html/body/div[4]/div[3]/button/div
wait 1
click  //*[@id="react-root"]/section/main/article/div[2]/div/div[1]/div[2]/a/div
wait 3
Like
wait 3
click /html/body/div[4]/div[2]/div/article/div[3]/section[1]/span[1]/button
wait 3
read /html/body/div[4]/div[2]/div/article/header/div[2]/div[1]/div[1]/span/a to id
2020-08-17_15:32
#visvim
py import tagCsv
import confige
headers = ['keyword','id','now']
row = {
       'keyword':keyword,
       'id':id,
       'now':now
       }
tagCsv.entered_keyword_writeCsv(headers,row)
click /html/body/div[4]/div[2]/div/article/header/div[2]/div[1]/div[2]/button
wait 2
click /html/body/div[4]/div[3]/button/div
wait 1
click  //*[@id="react-root"]/section/main/article/div[2]/div/div[1]/div[3]/a/div
wait 3
